<?xml version="1.0" encoding="UTF-8"?>
<!-- Generated by org.testng.reporters.JUnitReportReporter -->
<testsuite skipped="0" hostname="iball-PC" name="com.index.Index" tests="1" failures="0" timestamp="25 Sep 2018 04:40:11 GMT" time="167.577" errors="0">
  <testcase name="Draggable" time="167.577" classname="com.index.Index"/>
</testsuite> <!-- com.index.Index -->
